2026-07-09T14:10:24.160+03:00  INFO 18220 --- [main] o.e.t.Task5ConsumerApplication           : Starting Task5ConsumerApplication using Java 21.0.11 with PID 18220 (D:\My stuff\GitHUB\aston-intensive\task5-consumer\target\classes started by Sargalis in D:\My stuff\GitHUB\aston-intensive\task5-consumer)
2026-07-09T14:10:24.161+03:00 DEBUG 18220 --- [main] o.e.t.Task5ConsumerApplication           : Running with Spring Boot v3.2.5, Spring v6.1.6
2026-07-09T14:10:24.161+03:00  INFO 18220 --- [main] o.e.t.Task5ConsumerApplication           : No active profile set, falling back to 1 default profile: "default"
2026-07-09T14:10:24.566+03:00  INFO 18220 --- [main] o.s.b.w.embedded.tomcat.TomcatWebServer  : Tomcat initialized with port 8081 (http)
2026-07-09T14:10:24.572+03:00  INFO 18220 --- [main] o.apache.catalina.core.StandardService   : Starting service [Tomcat]
2026-07-09T14:10:24.572+03:00  INFO 18220 --- [main] o.apache.catalina.core.StandardEngine    : Starting Servlet engine: [Apache Tomcat/10.1.20]
2026-07-09T14:10:24.594+03:00  INFO 18220 --- [main] o.a.c.c.C.[Tomcat].[localhost].[/]       : Initializing Spring embedded WebApplicationContext
2026-07-09T14:10:24.594+03:00  INFO 18220 --- [main] w.s.c.ServletWebServerApplicationContext : Root WebApplicationContext: initialization completed in 409 ms
2026-07-09T14:10:24.810+03:00  INFO 18220 --- [main] o.s.b.w.embedded.tomcat.TomcatWebServer  : Tomcat started on port 8081 (http) with context path ''
2026-07-09T14:10:24.890+03:00  INFO 18220 --- [main] fkaConsumerFactory$ExtendedKafkaConsumer : [Consumer clientId=consumer-notification-group-1, groupId=notification-group] Subscribed to topic(s): user-events
2026-07-09T14:10:24.896+03:00  INFO 18220 --- [main] o.e.t.Task5ConsumerApplication           : Started Task5ConsumerApplication in 0.926 seconds (process running for 1.186)
2026-07-09T14:10:28.067+03:00  INFO 18220 --- [org.springframework.kafka.KafkaListenerEndpointContainer#0-0-C-1] o.s.k.l.KafkaMessageListenerContainer    : notification-group: partitions assigned: [user-events-0]
2026-07-09T14:10:54.024+03:00  INFO 18220 --- [org.springframework.kafka.KafkaListenerEndpointContainer#0-0-C-1] o.e.t.consumer.UserEventConsumer         : Получено событие из Kafka: UserEventDTO(email=john@test.com, eventType=CREATED)
2026-07-09T14:10:54.025+03:00  INFO 18220 --- [org.springframework.kafka.KafkaListenerEndpointContainer#0-0-C-1] o.e.task5consumer.service.EmailService   : ==================================
2026-07-09T14:10:54.025+03:00  INFO 18220 --- [org.springframework.kafka.KafkaListenerEndpointContainer#0-0-C-1] o.e.task5consumer.service.EmailService   : TO: john@test.com
2026-07-09T14:10:54.025+03:00  INFO 18220 --- [org.springframework.kafka.KafkaListenerEndpointContainer#0-0-C-1] o.e.task5consumer.service.EmailService   : SUBJECT: Создание
2026-07-09T14:10:54.025+03:00  INFO 18220 --- [org.springframework.kafka.KafkaListenerEndpointContainer#0-0-C-1] o.e.task5consumer.service.EmailService   : BODY:Здравствуйте! Ваш аккаунт на сайте ваш сайт был успешно создан.
2026-07-09T14:10:54.025+03:00  INFO 18220 --- [org.springframework.kafka.KafkaListenerEndpointContainer#0-0-C-1] o.e.task5consumer.service.EmailService   : ==================================
2026-07-09T14:12:02.440+03:00  INFO 18220 --- [org.springframework.kafka.KafkaListenerEndpointContainer#0-0-C-1] o.s.k.l.KafkaMessageListenerContainer    : notification-group: partitions revoked: [user-events-0]
2026-07-09T14:12:02.441+03:00  INFO 18220 --- [org.springframework.kafka.KafkaListenerEndpointContainer#0-0-C-1] fkaConsumerFactory$ExtendedKafkaConsumer : [Consumer clientId=consumer-notification-group-1, groupId=notification-group] Unsubscribed all topics or patterns and assigned partitions
2026-07-09T14:12:02.457+03:00  INFO 18220 --- [org.springframework.kafka.KafkaListenerEndpointContainer#0-0-C-1] o.s.k.l.KafkaMessageListenerContainer    : notification-group: Consumer stopped
